<?xml version="1.0" encoding="UTF-8"?>
<!-- Generated by org.testng.reporters.JUnitReportReporter -->
<testsuite hostname="LAPTOP-MCVV6R4J" failures="0" tests="3" name="com.qa.hubspot_tests.LoginPageTest" time="0.519" errors="0" timestamp="13 Oct 2021 15:51:37 GMT" skipped="0">
  <testcase classname="com.qa.hubspot_tests.LoginPageTest" name="verifyLoginPageTitleTest" time="0.021"/>
  <testcase classname="com.qa.hubspot_tests.LoginPageTest" name="verifyForgotPwdLinkPresentTest" time="0.056"/>
  <testcase classname="com.qa.hubspot_tests.LoginPageTest" name="doLoginTest" time="0.442"/>
</testsuite> <!-- com.qa.hubspot_tests.LoginPageTest -->
